<?xml version="1.0" encoding="UTF-8"?>
<!-- Generated by org.testng.reporters.JUnitReportReporter -->
<testsuite hostname="DESKTOP-M60PAQ1" failures="0" tests="4" name="net.calculator.testCases.TC_001_Calculation" time="3.991" errors="0" timestamp="11 Apr 2024 15:06:51 GMT" skipped="0">
  <testcase classname="net.calculator.testCases.TC_001_Calculation" name="Calculation" time="1.009"/>
  <testcase classname="net.calculator.testCases.TC_001_Calculation" name="Calculation" time="1.311"/>
  <testcase classname="net.calculator.testCases.TC_001_Calculation" name="Calculation" time="1.030"/>
  <testcase classname="net.calculator.testCases.TC_001_Calculation" name="Calculation" time="0.641"/>
</testsuite> <!-- net.calculator.testCases.TC_001_Calculation -->
